<?xml version="1.0" encoding="UTF-8"?>
<!-- Generated by org.testng.reporters.JUnitReportReporter -->
<testsuite hostname="Kartik" failures="0" tests="3" name="com.qa.hubspot.tests.LoginPageTest" time="16.558" errors="0" timestamp="29 Jan 2025 13:58:51 GMT" skipped="0">
  <testcase classname="com.qa.hubspot.tests.LoginPageTest" name="verifyLoginPageTitleTest" time="0.130"/>
  <testcase classname="com.qa.hubspot.tests.LoginPageTest" name="verifySignUpLinkTest" time="15.220"/>
  <testcase classname="com.qa.hubspot.tests.LoginPageTest" name="verifyLoginTest" time="1.208"/>
</testsuite> <!-- com.qa.hubspot.tests.LoginPageTest -->
